<?xml version="1.0" encoding="UTF-8"?>
<testng-results skipped="0" failed="0" ignored="0" total="1" passed="1">
  <reporter-output>
  </reporter-output>
  <suite name="Suite" duration-ms="17058" started-at="2019-11-10T15:16:19Z" finished-at="2019-11-10T15:16:36Z">
    <groups>
    </groups>
    <test name="Test" duration-ms="17058" started-at="2019-11-10T15:16:19Z" finished-at="2019-11-10T15:16:36Z">
      <class name="com.project.App">
        <test-method status="PASS" signature="Mytest()[pri:0, instance:com.project.App@2d554825]" name="Mytest" duration-ms="17020" started-at="2019-11-10T15:16:19Z" finished-at="2019-11-10T15:16:36Z">
          <reporter-output>
          </reporter-output>
        </test-method> <!-- Mytest -->
      </class> <!-- com.project.App -->
    </test> <!-- Test -->
  </suite> <!-- Suite -->
</testng-results>
