<?xml version="1.0" encoding="UTF-8"?>
<testng-results skipped="0" failed="0" ignored="0" total="1" passed="1">
  <reporter-output>
  </reporter-output>
  <suite name="Default suite" duration-ms="12823" started-at="2019-11-10T14:16:15Z" finished-at="2019-11-10T14:16:28Z">
    <groups>
    </groups>
    <test name="Default test" duration-ms="12823" started-at="2019-11-10T14:16:15Z" finished-at="2019-11-10T14:16:28Z">
      <class name="com.project.App">
        <test-method status="PASS" signature="Mytest()[pri:0, instance:com.project.App@29774679]" name="Mytest" duration-ms="12761" started-at="2019-11-10T14:16:15Z" finished-at="2019-11-10T14:16:28Z">
          <reporter-output>
          </reporter-output>
        </test-method> <!-- Mytest -->
      </class> <!-- com.project.App -->
    </test> <!-- Default test -->
  </suite> <!-- Default suite -->
</testng-results>
